=== -textkit2 (selection idle-off) run 1 ===
=== -textkit2 (selection-off baseline) run 1 ===
READY fixture=stress-5k blocks=5000 firstChunkMs=131
HITCH t=0.03 actualMs=26.8
HITCH t=4.21 actualMs=33.3
HITCH t=51.79 actualMs=33.3
HITCH t=72.66 actualMs=33.3
HITCH t=105.08 actualMs=33.3
HITCH t=142.64 actualMs=33.3
HITCH t=152.99 actualMs=33.3
HITCH t=171.03 actualMs=33.3
HITCH t=188.13 actualMs=33.3
HITCH t=244.51 actualMs=33.3
HITCH t=247.48 actualMs=33.3
HITCH t=249.23 actualMs=33.3
HITCH t=255.13 actualMs=33.3
HITCH t=256.24 actualMs=33.3
HITCH t=259.98 actualMs=33.3
HITCH t=267.21 actualMs=33.3
HITCH t=268.69 actualMs=33.3
HITCH t=272.14 actualMs=33.3
HITCH t=281.73 actualMs=33.3
HITCH t=284.56 actualMs=33.3
HITCH t=291.34 actualMs=33.3
HITCH t=292.58 actualMs=33.3
HITCH t=302.39 actualMs=33.3
HITCH t=302.64 actualMs=33.3
HITCH t=311.68 actualMs=33.6
HITCH t=312.88 actualMs=33.3
HITCH t=318.33 actualMs=33.3
HITCH t=324.24 actualMs=33.3
HITCH t=325.69 actualMs=33.3
HITCH t=327.28 actualMs=33.3
HITCH t=330.19 actualMs=33.3
HITCH t=331.13 actualMs=33.3
HITCH t=334.96 actualMs=33.3
HITCH t=335.88 actualMs=33.8
HITCH t=339.36 actualMs=33.3
HITCH t=342.24 actualMs=33.3
HITCH t=344.31 actualMs=33.3
HITCH t=363.94 actualMs=33.3
HITCH t=371.15 actualMs=34.9
HITCH t=377.93 actualMs=33.3
HITCH t=382.84 actualMs=33.3
HITCH t=385.53 actualMs=33.3
HITCH t=389.23 actualMs=33.3
HITCH t=389.48 actualMs=33.3
HITCH t=391.51 actualMs=35.8
HITCH t=392.00 actualMs=36.4
HITCH t=393.78 actualMs=33.3
HITCH t=401.33 actualMs=33.3
HITCH t=404.03 actualMs=33.3
HITCH t=411.61 actualMs=33.3
HITCH t=412.83 actualMs=33.3
HITCH t=416.68 actualMs=33.3
HITCH t=417.26 actualMs=33.5
HITCH t=417.39 actualMs=33.3
HITCH t=418.96 actualMs=33.3
HITCH t=424.14 actualMs=33.3
HITCH t=424.66 actualMs=33.3
HITCH t=425.55 actualMs=38.0
HITCH t=425.58 actualMs=28.7
HITCH t=427.83 actualMs=33.3
HITCH t=428.73 actualMs=33.3
HITCH t=429.58 actualMs=33.3
HITCH t=431.16 actualMs=33.3
HITCH t=438.91 actualMs=33.3
HITCH t=439.34 actualMs=33.3
HITCH t=445.36 actualMs=33.3
HITCH t=452.58 actualMs=33.3
HITCH t=453.71 actualMs=33.3
HITCH t=454.63 actualMs=37.7
HITCH t=454.66 actualMs=29.0
HITCH t=455.34 actualMs=33.3
HITCH t=459.56 actualMs=33.3
HITCH t=459.64 actualMs=33.3
HITCH t=460.98 actualMs=33.3
HITCH t=464.91 actualMs=33.4
HITCH t=465.76 actualMs=33.3
HITCH t=468.58 actualMs=33.3
HITCH t=469.13 actualMs=33.3
HITCH t=471.74 actualMs=33.3
HITCH t=472.38 actualMs=33.3
HITCH t=474.46 actualMs=34.5
HITCH t=474.56 actualMs=33.3
HITCH t=479.79 actualMs=33.3
HITCH t=493.01 actualMs=33.3
HITCH t=493.88 actualMs=33.3
SCROLL_METRICS fixture=stress-5k frames=29587 dropped=85 hitchRatioMsPerS=2.87
com.connie.adfreader: 63092
=== -textkit2 (selection-off baseline) run 2 ===
READY fixture=stress-5k blocks=5000 firstChunkMs=144
HITCH t=0.06 actualMs=57.7
HITCH t=124.77 actualMs=33.4
HITCH t=127.51 actualMs=33.3
HITCH t=132.19 actualMs=33.3
HITCH t=146.79 actualMs=33.3
HITCH t=149.88 actualMs=34.1
HITCH t=155.49 actualMs=33.3
HITCH t=187.82 actualMs=33.3
HITCH t=212.89 actualMs=33.3
HITCH t=220.02 actualMs=33.3
HITCH t=222.57 actualMs=33.3
HITCH t=226.46 actualMs=33.3
HITCH t=228.69 actualMs=33.3
HITCH t=250.47 actualMs=33.3
HITCH t=255.82 actualMs=33.3
HITCH t=262.16 actualMs=33.3
HITCH t=274.72 actualMs=33.3
HITCH t=278.16 actualMs=33.3
HITCH t=281.27 actualMs=33.3
HITCH t=282.46 actualMs=35.2
HITCH t=290.94 actualMs=33.3
HITCH t=295.86 actualMs=33.3
HITCH t=306.41 actualMs=33.3
HITCH t=307.34 actualMs=33.3
HITCH t=319.09 actualMs=33.3
HITCH t=328.07 actualMs=33.3
HITCH t=333.06 actualMs=33.3
HITCH t=337.56 actualMs=33.3
HITCH t=340.39 actualMs=33.3
HITCH t=350.22 actualMs=33.3
HITCH t=350.32 actualMs=33.3
HITCH t=350.89 actualMs=33.3
HITCH t=367.67 actualMs=33.3
HITCH t=370.27 actualMs=33.3
HITCH t=374.04 actualMs=33.3
HITCH t=374.54 actualMs=33.3
HITCH t=378.61 actualMs=33.3
HITCH t=380.61 actualMs=33.3
HITCH t=383.17 actualMs=33.3
HITCH t=390.97 actualMs=33.3
HITCH t=391.31 actualMs=33.3
HITCH t=392.46 actualMs=33.3
HITCH t=395.52 actualMs=33.3
HITCH t=402.69 actualMs=33.3
HITCH t=404.42 actualMs=33.3
HITCH t=404.92 actualMs=33.3
HITCH t=407.91 actualMs=33.3
HITCH t=414.02 actualMs=33.3
HITCH t=415.83 actualMs=36.8
HITCH t=416.52 actualMs=33.3
HITCH t=418.74 actualMs=33.3
HITCH t=420.89 actualMs=33.3
HITCH t=423.53 actualMs=34.3
HITCH t=424.64 actualMs=33.3
HITCH t=429.66 actualMs=33.3
HITCH t=430.91 actualMs=33.3
HITCH t=438.01 actualMs=33.3
HITCH t=439.52 actualMs=33.3
HITCH t=443.66 actualMs=33.3
HITCH t=444.82 actualMs=33.3
HITCH t=445.97 actualMs=33.3
HITCH t=453.71 actualMs=33.3
HITCH t=454.42 actualMs=33.3
HITCH t=456.29 actualMs=33.3
HITCH t=458.56 actualMs=34.8
HITCH t=459.11 actualMs=33.3
HITCH t=464.01 actualMs=33.3
HITCH t=467.41 actualMs=33.3
HITCH t=468.56 actualMs=33.3
HITCH t=473.69 actualMs=33.3
HITCH t=475.26 actualMs=33.3
HITCH t=476.44 actualMs=35.7
HITCH t=478.71 actualMs=33.3
HITCH t=481.67 actualMs=33.3
HITCH t=485.23 actualMs=34.6
HITCH t=487.12 actualMs=33.3
HITCH t=488.94 actualMs=33.3
HITCH t=490.46 actualMs=33.3
SCROLL_METRICS fixture=stress-5k frames=29543 dropped=78 hitchRatioMsPerS=2.71
com.connie.adfreader: 64822
=== -textkit2 -selection (idle) run 1 ===
READY fixture=stress-5k blocks=5000 firstChunkMs=137
HITCH t=0.03 actualMs=26.7
HITCH t=61.63 actualMs=33.3
HITCH t=117.84 actualMs=33.3
HITCH t=119.94 actualMs=33.3
HITCH t=129.33 actualMs=33.3
HITCH t=140.49 actualMs=33.3
HITCH t=149.69 actualMs=34.9
HITCH t=155.31 actualMs=33.3
HITCH t=168.39 actualMs=33.3
HITCH t=174.84 actualMs=33.3
HITCH t=179.09 actualMs=33.3
HITCH t=182.73 actualMs=33.3
HITCH t=183.89 actualMs=33.3
HITCH t=185.98 actualMs=33.3
HITCH t=192.76 actualMs=33.3
HITCH t=195.66 actualMs=33.3
HITCH t=217.36 actualMs=34.6
HITCH t=217.98 actualMs=33.3
HITCH t=219.94 actualMs=33.3
HITCH t=222.74 actualMs=33.3
HITCH t=238.93 actualMs=33.3
HITCH t=240.23 actualMs=33.3
HITCH t=245.54 actualMs=33.3
HITCH t=274.96 actualMs=33.3
HITCH t=276.98 actualMs=33.3
HITCH t=290.86 actualMs=33.3
HITCH t=299.79 actualMs=33.3
HITCH t=315.26 actualMs=33.3
HITCH t=323.79 actualMs=33.3
HITCH t=327.54 actualMs=33.3
HITCH t=330.43 actualMs=34.8
HITCH t=331.41 actualMs=33.3
HITCH t=339.73 actualMs=33.3
HITCH t=340.49 actualMs=33.3
HITCH t=341.46 actualMs=33.6
HITCH t=345.39 actualMs=33.3
HITCH t=347.79 actualMs=33.3
HITCH t=349.51 actualMs=33.3
HITCH t=350.44 actualMs=33.3
HITCH t=352.18 actualMs=33.3
HITCH t=356.13 actualMs=33.3
HITCH t=361.91 actualMs=33.3
HITCH t=370.36 actualMs=33.3
HITCH t=374.66 actualMs=33.3
HITCH t=375.86 actualMs=33.3
HITCH t=376.14 actualMs=33.3
HITCH t=377.34 actualMs=33.3
HITCH t=383.33 actualMs=33.3
HITCH t=387.21 actualMs=33.3
HITCH t=391.73 actualMs=33.3
HITCH t=395.64 actualMs=33.3
HITCH t=397.16 actualMs=33.3
HITCH t=405.96 actualMs=33.3
HITCH t=412.01 actualMs=33.4
HITCH t=417.41 actualMs=33.3
HITCH t=418.59 actualMs=33.3
HITCH t=430.46 actualMs=33.3
HITCH t=432.01 actualMs=33.3
HITCH t=435.89 actualMs=33.3
HITCH t=440.56 actualMs=33.3
HITCH t=441.84 actualMs=33.3
HITCH t=442.43 actualMs=33.3
HITCH t=443.79 actualMs=33.3
HITCH t=445.84 actualMs=33.3
HITCH t=446.09 actualMs=33.3
HITCH t=449.98 actualMs=33.3
HITCH t=454.58 actualMs=33.3
HITCH t=455.59 actualMs=33.3
HITCH t=460.26 actualMs=33.3
HITCH t=462.88 actualMs=33.3
HITCH t=469.28 actualMs=33.3
HITCH t=470.31 actualMs=33.3
HITCH t=477.36 actualMs=33.3
HITCH t=478.49 actualMs=33.3
HITCH t=481.83 actualMs=33.3
HITCH t=485.11 actualMs=33.3
HITCH t=489.11 actualMs=33.3
SCROLL_METRICS fixture=stress-5k frames=29555 dropped=77 hitchRatioMsPerS=2.59
com.connie.adfreader: 66174
=== -textkit2 -selection (idle) run 2 ===
READY fixture=stress-5k blocks=5000 firstChunkMs=131
HITCH t=0.67 actualMs=33.3
HITCH t=3.39 actualMs=33.3
HITCH t=6.17 actualMs=33.3
HITCH t=81.64 actualMs=33.3
HITCH t=93.50 actualMs=33.3
HITCH t=113.79 actualMs=33.3
HITCH t=124.35 actualMs=33.3
HITCH t=132.25 actualMs=33.3
HITCH t=134.77 actualMs=33.3
HITCH t=150.67 actualMs=33.3
HITCH t=164.19 actualMs=33.3
HITCH t=185.80 actualMs=33.3
HITCH t=188.35 actualMs=33.3
HITCH t=208.35 actualMs=33.3
HITCH t=224.39 actualMs=33.3
HITCH t=226.15 actualMs=33.3
HITCH t=261.64 actualMs=33.3
HITCH t=277.85 actualMs=33.3
HITCH t=281.77 actualMs=33.3
HITCH t=284.00 actualMs=33.3
HITCH t=307.34 actualMs=33.6
HITCH t=316.15 actualMs=33.3
HITCH t=324.62 actualMs=33.3
HITCH t=325.89 actualMs=33.3
HITCH t=327.54 actualMs=33.3
HITCH t=330.55 actualMs=33.3
HITCH t=334.05 actualMs=33.3
HITCH t=351.42 actualMs=33.3
HITCH t=358.44 actualMs=33.3
HITCH t=363.69 actualMs=35.0
HITCH t=370.30 actualMs=33.3
HITCH t=372.29 actualMs=33.3
HITCH t=377.67 actualMs=33.3
HITCH t=383.22 actualMs=33.3
HITCH t=384.90 actualMs=33.3
HITCH t=389.97 actualMs=33.3
HITCH t=390.77 actualMs=33.3
HITCH t=394.12 actualMs=33.3
HITCH t=396.79 actualMs=33.3
HITCH t=404.25 actualMs=33.3
HITCH t=406.82 actualMs=33.3
HITCH t=420.54 actualMs=33.3
HITCH t=424.64 actualMs=35.6
HITCH t=432.02 actualMs=33.3
HITCH t=437.89 actualMs=33.3
HITCH t=439.40 actualMs=33.3
HITCH t=440.39 actualMs=33.3
HITCH t=440.59 actualMs=33.3
HITCH t=448.04 actualMs=33.3
HITCH t=450.29 actualMs=35.8
HITCH t=451.77 actualMs=33.3
HITCH t=454.00 actualMs=33.3
HITCH t=459.61 actualMs=34.0
HITCH t=464.77 actualMs=33.3
HITCH t=465.42 actualMs=33.3
HITCH t=468.09 actualMs=33.3
HITCH t=471.47 actualMs=33.3
HITCH t=472.57 actualMs=33.3
HITCH t=473.92 actualMs=33.3
HITCH t=476.39 actualMs=33.3
HITCH t=477.56 actualMs=34.8
HITCH t=488.22 actualMs=33.3
HITCH t=490.07 actualMs=33.3
SCROLL_METRICS fixture=stress-5k frames=29623 dropped=63 hitchRatioMsPerS=2.14
com.connie.adfreader: 67523
