com.connie.adfreader: 78794
PID=78794
t=0s
78794  ADFReader 0.0  00:03.45 28  26  161    142M 0B   0B    78794 61805 sleeping *7[4]  0.00000 0.00000    501 42736  1863 7156    3434    20719  18218   4707 11      0     0.0   0      0      180    bharath2020 N/A    N/A   N/A   N/A   N/A   N/A  
t=30s
78794  ADFReader 0.0  00:03.45 3   1   127    141M 0B   0B    78794 61805 sleeping *7[4]  0.00000 0.00000    501 42743  1863 7158    3435    20774  18237   4738 11      0     0.0   0      0      180    bharath2020 N/A    N/A   N/A   N/A   N/A   N/A  
t=60s
78794  ADFReader 0.0  00:03.45 3   1   127    141M 0B   0B    78794 61805 sleeping *7[4]  0.00000 0.00000    501 42743  1863 7158    3435    20774  18237   4738 11      0     0.0   0      0      180    bharath2020 N/A    N/A   N/A   N/A   N/A   N/A  
t=90s
78794  ADFReader 0.0  00:03.45 3   1   127    141M 0B   0B    78794 61805 sleeping *7[4]  0.00000 0.00000    501 42743  1863 7158    3435    20774  18237   4738 11      0     0.0   0      0      180    bharath2020 N/A    N/A   N/A   N/A   N/A   N/A  
t=120s
78794  ADFReader 0.0  00:03.45 3   1   127    141M 0B   0B    78794 61805 sleeping *7[4]  0.00000 0.00000    501 42743  1863 7158    3435    20774  18237   4738 11      0     0.0   0      0      180    bharath2020 N/A    N/A   N/A   N/A   N/A   N/A  
t=150s
78794  ADFReader 0.0  00:03.45 3   1   127    141M 0B   0B    78794 61805 sleeping *7[4]  0.00000 0.00000    501 42743  1863 7158    3435    20774  18237   4738 11      0     0.0   0      0      180    bharath2020 N/A    N/A   N/A   N/A   N/A   N/A  
t=180s
78794  ADFReader 0.0  00:03.45 3   1   127    141M 0B   0B    78794 61805 sleeping *7[4]  0.00000 0.00000    501 42743  1863 7158    3435    20774  18237   4738 11      0     0.0   0      0      180    bharath2020 N/A    N/A   N/A   N/A   N/A   N/A  
t=210s
78794  ADFReader 0.0  00:03.45 3   1   127    141M 0B   0B    78794 61805 sleeping *7[4]  0.00000 0.00000    501 42743  1863 7158    3435    20774  18237   4738 11      0     0.0   0      0      180    bharath2020 N/A    N/A   N/A   N/A   N/A   N/A  
t=240s
78794  ADFReader 0.0  00:03.45 3   1   127    141M 0B   0B    78794 61805 sleeping *7[4]  0.00000 0.00000    501 42743  1863 7158    3435    20774  18237   4738 11      0     0.0   0      0      180    bharath2020 N/A    N/A   N/A   N/A   N/A   N/A  
t=270s
78794  ADFReader 0.0  00:03.45 3   1   127    141M 0B   0B    78794 61805 sleeping *7[4]  0.00000 0.00000    501 42743  1863 7158    3435    20774  18237   4738 11      0     0.0   0      0      180    bharath2020 N/A    N/A   N/A   N/A   N/A   N/A  
t=300s
78794  ADFReader 0.0  00:03.45 3   1   127    141M 0B   0B    78794 61805 sleeping *7[4]  0.00000 0.00000    501 42743  1863 7158    3435    20774  18237   4738 11      0     0.0   0      0      180    bharath2020 N/A    N/A   N/A   N/A   N/A   N/A  
idle soak ON done
