com.connie.adfreader: 76639
PID=76639
t=0s
76639  ADFReader 0.0  00:03.11 19  17  154    137M 0B   0B    76639 61805 sleeping *7[4]  0.00000 0.00000    501 42365  1866 4903    2231    23085  15377   5850 239     0     0.0   0      0      180    bharath2020 N/A    N/A   N/A   N/A   N/A   N/A  
t=30s
76639  ADFReader 0.0  00:03.11 3   1   125    136M 0B   0B    76639 61805 sleeping *7[4]  0.00000 0.00000    501 42373  1866 4905    2232    23122  15401   5875 239     0     0.0   0      0      180    bharath2020 N/A    N/A   N/A   N/A   N/A   N/A  
t=60s
76639  ADFReader 0.0  00:03.11 3   1   125    136M 0B   0B    76639 61805 sleeping *7[4]  0.00000 0.00000    501 42373  1866 4905    2232    23122  15401   5875 239     0     0.0   0      0      180    bharath2020 N/A    N/A   N/A   N/A   N/A   N/A  
t=90s
76639  ADFReader 0.0  00:03.11 3   1   125    136M 0B   0B    76639 61805 sleeping *7[4]  0.00000 0.00000    501 42373  1866 4905    2232    23122  15401   5875 239     0     0.0   0      0      180    bharath2020 N/A    N/A   N/A   N/A   N/A   N/A  
t=120s
76639  ADFReader 0.0  00:03.11 3   1   125    136M 0B   0B    76639 61805 sleeping *7[4]  0.00000 0.00000    501 42373  1866 4905    2232    23122  15401   5875 239     0     0.0   0      0      180    bharath2020 N/A    N/A   N/A   N/A   N/A   N/A  
t=150s
76639  ADFReader 0.0  00:03.11 3   1   125    136M 0B   0B    76639 61805 sleeping *7[4]  0.00000 0.00000    501 42373  1866 4905    2232    23122  15401   5875 239     0     0.0   0      0      180    bharath2020 N/A    N/A   N/A   N/A   N/A   N/A  
t=180s
76639  ADFReader 0.0  00:03.11 3   1   125    136M 0B   0B    76639 61805 sleeping *7[4]  0.00000 0.00000    501 42373  1866 4905    2232    23122  15401   5875 239     0     0.0   0      0      180    bharath2020 N/A    N/A   N/A   N/A   N/A   N/A  
t=210s
76639  ADFReader 0.0  00:03.11 3   1   125    136M 0B   0B    76639 61805 sleeping *7[4]  0.00000 0.00000    501 42373  1866 4905    2232    23122  15401   5875 239     0     0.0   0      0      180    bharath2020 N/A    N/A   N/A   N/A   N/A   N/A  
t=240s
76639  ADFReader 0.0  00:03.11 3   1   125    136M 0B   0B    76639 61805 sleeping *7[4]  0.00000 0.00000    501 42373  1866 4905    2232    23122  15401   5875 239     0     0.0   0      0      180    bharath2020 N/A    N/A   N/A   N/A   N/A   N/A  
t=270s
76639  ADFReader 0.0  00:03.11 3   1   125    136M 0B   96K   76639 61805 sleeping *7[4]  0.00000 0.00000    501 42373  1866 4905    2232    23122  15401   5875 239     0     0.0   0      0      180    bharath2020 N/A    N/A   N/A   N/A   N/A   N/A  
t=300s
76639  ADFReader 0.0  00:03.11 3   1   125    136M 0B   96K   76639 61805 sleeping *7[4]  0.00000 0.00000    501 42373  1866 4905    2232    23122  15401   5875 239     0     0.0   0      0      180    bharath2020 N/A    N/A   N/A   N/A   N/A   N/A  
idle soak OFF done
