=== t26b Gate 3(a) re-measure: iOS 26.2 fling burst, document-scale selection active ===
Re-measured with committed raw captures after evidence review (Task 28).
Runtime: iOS 26.2 (dedicated sim ADF-Task28-262 / 7D64D368-D0BC-456E-BA76-A01E97F4F2F6)
Fixture: stress-5k -textkit2 -selection; Select-All (document-scale) active; host PID 10856
Capture: host 'top -l 2 -pid 10856 -stats pid,command,cpu,time,mem' after each burst + ~3s settle
Date: 2026-07-19 01:29:29 PDT

----- FLING BURST 1 : full 'top -l 2 -pid 10856' (BOTH samples) after +3s settle -----
Processes: 2265 total, 3 running, 2262 sleeping, 8614 threads 
2026/07/19 01:29:39
Load Avg: 5.49, 11.77, 9.85 
CPU usage: 12.18% user, 10.35% sys, 77.46% idle 
SharedLibs: 531M resident, 118M data, 98M linkedit.
MemRegions: 798370 total, 7369M resident, 1223M private, 2439M shared.
PhysMem: 46G used (7568M wired, 21G compressor), 1155M unused.
VM: 913T vsize, 5361M framework vsize, 6371(0) swapins, 288696(0) swapouts.
Networks: packets: 72062546/68G in, 50030497/35G out.
Disks: 61117147/1192G read, 29926316/1018G written.

PID    COMMAND   %CPU TIME     MEM 
10856  ADFReader 0.0  00:41.90 162M
Processes: 2265 total, 2 running, 2263 sleeping, 8625 threads 
2026/07/19 01:29:40
Load Avg: 5.49, 11.77, 9.85 
CPU usage: 10.17% user, 5.64% sys, 84.17% idle 
SharedLibs: 531M resident, 118M data, 98M linkedit.
MemRegions: 0 total, 0B resident, 1223M private, 2439M shared.
PhysMem: 46G used (7572M wired, 21G compressor), 1151M unused.
VM: 913T vsize, 5361M framework vsize, 6371(0) swapins, 288696(0) swapouts.
Networks: packets: 72062590/68G in, 50030559/35G out.
Disks: 61117155/1192G read, 29926317/1018G written.

PID    COMMAND   %CPU TIME     MEM  
10856  ADFReader 10.7 00:42.08 162M+

----- FLING BURST 2 : full 'top -l 2 -pid 10856' (BOTH samples) after +3s settle -----
Processes: 2264 total, 2 running, 2262 sleeping, 8621 threads 
2026/07/19 01:29:49
Load Avg: 5.49, 11.56, 9.80 
CPU usage: 10.86% user, 9.95% sys, 79.17% idle 
SharedLibs: 531M resident, 118M data, 98M linkedit.
MemRegions: 798345 total, 7428M resident, 1228M private, 2443M shared.
PhysMem: 46G used (7570M wired, 21G compressor), 1081M unused.
VM: 913T vsize, 5361M framework vsize, 6371(0) swapins, 288696(0) swapouts.
Networks: packets: 72062878/68G in, 50030808/35G out.
Disks: 61117461/1192G read, 29926405/1018G written.

PID    COMMAND   %CPU TIME     MEM 
10856  ADFReader 0.0  00:47.03 161M
Processes: 2263 total, 3 running, 2260 sleeping, 8615 threads 
2026/07/19 01:29:50
Load Avg: 5.49, 11.56, 9.80 
CPU usage: 10.60% user, 5.89% sys, 83.50% idle 
SharedLibs: 531M resident, 118M data, 98M linkedit.
MemRegions: 0 total, 0B resident, 1228M private, 2443M shared.
PhysMem: 46G used (7569M wired, 21G compressor), 1086M unused.
VM: 912T vsize, 5361M framework vsize, 6371(0) swapins, 288696(0) swapouts.
Networks: packets: 72062907/68G in, 50030858/35G out.
Disks: 61117472/1192G read, 29926849/1018G written.

PID    COMMAND   %CPU TIME     MEM  
10856  ADFReader 11.0 00:47.22 161M-

----- SETTLE CHECK : full 'top -l 2 -pid 10856' after burst 2 + ~11s total quiet (no interaction) -----
Processes: 2266 total, 3 running, 2263 sleeping, 8624 threads 
2026/07/19 01:30:30
Load Avg: 3.87, 10.42, 9.46 
CPU usage: 9.16% user, 8.61% sys, 82.22% idle 
SharedLibs: 520M resident, 118M data, 97M linkedit.
MemRegions: 798495 total, 7324M resident, 1167M private, 2432M shared.
PhysMem: 45G used (7147M wired, 21G compressor), 1710M unused.
VM: 913T vsize, 5361M framework vsize, 6375(0) swapins, 288696(0) swapouts.
Networks: packets: 72066126/68G in, 50040529/35G out.
Disks: 61119320/1192G read, 29928238/1018G written.

PID    COMMAND   %CPU TIME     MEM 
10856  ADFReader 0.0  00:47.32 162M
Processes: 2267 total, 2 running, 2265 sleeping, 8617 threads 
2026/07/19 01:30:31
Load Avg: 3.87, 10.42, 9.46 
CPU usage: 5.42% user, 4.39% sys, 90.18% idle 
SharedLibs: 520M resident, 118M data, 97M linkedit.
MemRegions: 85 total, 3632K resident, 1167M private, 2432M shared.
PhysMem: 45G used (7148M wired, 21G compressor), 1695M unused.
VM: 914T vsize, 5361M framework vsize, 6375(0) swapins, 288696(0) swapouts.
Networks: packets: 72066147/68G in, 50040553/35G out.
Disks: 61119411/1192G read, 29928238/1018G written.

PID    COMMAND   %CPU TIME     MEM 
10856  ADFReader 0.0  00:47.32 162M
